Determining if the pthread_create exist failed with the following output:
Change Dir: /home/nazenji/Git/caffe/cmake/CMakeFiles/CMakeTmp

Run Build Command:"/usr/bin/make" "cmTryCompileExec2553762657/fast"
/usr/bin/make -f CMakeFiles/cmTryCompileExec2553762657.dir/build.make CMakeFiles/cmTryCompileExec2553762657.dir/build
make[1]: Entering directory '/home/nazenji/Git/caffe/cmake/CMakeFiles/CMakeTmp'
/usr/bin/cmake -E cmake_progress_report /home/nazenji/Git/caffe/cmake/CMakeFiles/CMakeTmp/CMakeFiles 1
Building C object CMakeFiles/cmTryCompileExec2553762657.dir/CheckSymbolExists.c.o
/usr/bin/cc    -o CMakeFiles/cmTryCompileExec2553762657.dir/CheckSymbolExists.c.o   -c /home/nazenji/Git/caffe/cmake/CMakeFiles/CMakeTmp/CheckSymbolExists.c
Linking C executable cmTryCompileExec2553762657
/usr/bin/cmake -E cmake_link_script CMakeFiles/cmTryCompileExec2553762657.dir/link.txt --verbose=1
/usr/bin/cc       CMakeFiles/cmTryCompileExec2553762657.dir/CheckSymbolExists.c.o  -o cmTryCompileExec2553762657 -rdynamic 
CMakeFiles/cmTryCompileExec2553762657.dir/CheckSymbolExists.c.o: In function `main':
CheckSymbolExists.c:(.text+0x16): undefined reference to `pthread_create'
collect2: error: ld returned 1 exit status
CMakeFiles/cmTryCompileExec2553762657.dir/build.make:88: recipe for target 'cmTryCompileExec2553762657' failed
make[1]: *** [cmTryCompileExec2553762657] Error 1
make[1]: Leaving directory '/home/nazenji/Git/caffe/cmake/CMakeFiles/CMakeTmp'
Makefile:117: recipe for target 'cmTryCompileExec2553762657/fast' failed
make: *** [cmTryCompileExec2553762657/fast] Error 2

File /home/nazenji/Git/caffe/cmake/CMakeFiles/CMakeTmp/CheckSymbolExists.c:
/* */
#include <pthread.h>

int main(int argc, char** argv)
{
  (void)argv;
#ifndef pthread_create
  return ((int*)(&pthread_create))[argc];
#else
  (void)argc;
  return 0;
#endif
}

Determining if the function pthread_create exists in the pthreads failed with the following output:
Change Dir: /home/nazenji/Git/caffe/cmake/CMakeFiles/CMakeTmp

Run Build Command:"/usr/bin/make" "cmTryCompileExec2303147302/fast"
/usr/bin/make -f CMakeFiles/cmTryCompileExec2303147302.dir/build.make CMakeFiles/cmTryCompileExec2303147302.dir/build
make[1]: Entering directory '/home/nazenji/Git/caffe/cmake/CMakeFiles/CMakeTmp'
/usr/bin/cmake -E cmake_progress_report /home/nazenji/Git/caffe/cmake/CMakeFiles/CMakeTmp/CMakeFiles 1
Building C object CMakeFiles/cmTryCompileExec2303147302.dir/CheckFunctionExists.c.o
/usr/bin/cc   -DCHECK_FUNCTION_EXISTS=pthread_create   -o CMakeFiles/cmTryCompileExec2303147302.dir/CheckFunctionExists.c.o   -c /usr/share/cmake-3.2/Modules/CheckFunctionExists.c
Linking C executable cmTryCompileExec2303147302
/usr/bin/cmake -E cmake_link_script CMakeFiles/cmTryCompileExec2303147302.dir/link.txt --verbose=1
/usr/bin/cc   -DCHECK_FUNCTION_EXISTS=pthread_create    CMakeFiles/cmTryCompileExec2303147302.dir/CheckFunctionExists.c.o  -o cmTryCompileExec2303147302 -rdynamic -lpthreads 
/usr/bin/ld: cannot find -lpthreads
collect2: error: ld returned 1 exit status
CMakeFiles/cmTryCompileExec2303147302.dir/build.make:88: recipe for target 'cmTryCompileExec2303147302' failed
make[1]: *** [cmTryCompileExec2303147302] Error 1
make[1]: Leaving directory '/home/nazenji/Git/caffe/cmake/CMakeFiles/CMakeTmp'
Makefile:117: recipe for target 'cmTryCompileExec2303147302/fast' failed
make: *** [cmTryCompileExec2303147302/fast] Error 2


Determining if the pthread_create exist failed with the following output:
Change Dir: /home/nazenji/Git/caffe2/caffe/cmake/CMakeFiles/CMakeTmp

Run Build Command:"/usr/bin/make" "cmTryCompileExec4143600949/fast"
/usr/bin/make -f CMakeFiles/cmTryCompileExec4143600949.dir/build.make CMakeFiles/cmTryCompileExec4143600949.dir/build
make[1]: Entering directory '/home/nazenji/Git/caffe2/caffe/cmake/CMakeFiles/CMakeTmp'
/usr/bin/cmake -E cmake_progress_report /home/nazenji/Git/caffe2/caffe/cmake/CMakeFiles/CMakeTmp/CMakeFiles 1
Building C object CMakeFiles/cmTryCompileExec4143600949.dir/CheckSymbolExists.c.o
/usr/bin/cc    -o CMakeFiles/cmTryCompileExec4143600949.dir/CheckSymbolExists.c.o   -c /home/nazenji/Git/caffe2/caffe/cmake/CMakeFiles/CMakeTmp/CheckSymbolExists.c
Linking C executable cmTryCompileExec4143600949
/usr/bin/cmake -E cmake_link_script CMakeFiles/cmTryCompileExec4143600949.dir/link.txt --verbose=1
/usr/bin/cc       CMakeFiles/cmTryCompileExec4143600949.dir/CheckSymbolExists.c.o  -o cmTryCompileExec4143600949 -rdynamic 
CMakeFiles/cmTryCompileExec4143600949.dir/CheckSymbolExists.c.o: In function `main':
CheckSymbolExists.c:(.text+0x16): undefined reference to `pthread_create'
collect2: error: ld returned 1 exit status
CMakeFiles/cmTryCompileExec4143600949.dir/build.make:88: recipe for target 'cmTryCompileExec4143600949' failed
make[1]: Leaving directory '/home/nazenji/Git/caffe2/caffe/cmake/CMakeFiles/CMakeTmp'
make[1]: *** [cmTryCompileExec4143600949] Error 1
Makefile:117: recipe for target 'cmTryCompileExec4143600949/fast' failed
make: *** [cmTryCompileExec4143600949/fast] Error 2

File /home/nazenji/Git/caffe2/caffe/cmake/CMakeFiles/CMakeTmp/CheckSymbolExists.c:
/* */
#include <pthread.h>

int main(int argc, char** argv)
{
  (void)argv;
#ifndef pthread_create
  return ((int*)(&pthread_create))[argc];
#else
  (void)argc;
  return 0;
#endif
}

Determining if the function pthread_create exists in the pthreads failed with the following output:
Change Dir: /home/nazenji/Git/caffe2/caffe/cmake/CMakeFiles/CMakeTmp

Run Build Command:"/usr/bin/make" "cmTryCompileExec152736611/fast"
/usr/bin/make -f CMakeFiles/cmTryCompileExec152736611.dir/build.make CMakeFiles/cmTryCompileExec152736611.dir/build
make[1]: Entering directory '/home/nazenji/Git/caffe2/caffe/cmake/CMakeFiles/CMakeTmp'
/usr/bin/cmake -E cmake_progress_report /home/nazenji/Git/caffe2/caffe/cmake/CMakeFiles/CMakeTmp/CMakeFiles 1
Building C object CMakeFiles/cmTryCompileExec152736611.dir/CheckFunctionExists.c.o
/usr/bin/cc   -DCHECK_FUNCTION_EXISTS=pthread_create   -o CMakeFiles/cmTryCompileExec152736611.dir/CheckFunctionExists.c.o   -c /usr/share/cmake-3.2/Modules/CheckFunctionExists.c
Linking C executable cmTryCompileExec152736611
/usr/bin/cmake -E cmake_link_script CMakeFiles/cmTryCompileExec152736611.dir/link.txt --verbose=1
/usr/bin/cc   -DCHECK_FUNCTION_EXISTS=pthread_create    CMakeFiles/cmTryCompileExec152736611.dir/CheckFunctionExists.c.o  -o cmTryCompileExec152736611 -rdynamic -lpthreads 
/usr/bin/ld: cannot find -lpthreads
collect2: error: ld returned 1 exit status
CMakeFiles/cmTryCompileExec152736611.dir/build.make:88: recipe for target 'cmTryCompileExec152736611' failed
make[1]: Leaving directory '/home/nazenji/Git/caffe2/caffe/cmake/CMakeFiles/CMakeTmp'
make[1]: *** [cmTryCompileExec152736611] Error 1
Makefile:117: recipe for target 'cmTryCompileExec152736611/fast' failed
make: *** [cmTryCompileExec152736611/fast] Error 2


Determining if the pthread_create exist failed with the following output:
Change Dir: /home/nazenji/Git/caffe/cmake/CMakeFiles/CMakeTmp

Run Build Command:"/usr/bin/make" "cmTryCompileExec98413244/fast"
/usr/bin/make -f CMakeFiles/cmTryCompileExec98413244.dir/build.make CMakeFiles/cmTryCompileExec98413244.dir/build
make[1]: Entering directory '/home/nazenji/Git/caffe/cmake/CMakeFiles/CMakeTmp'
/usr/bin/cmake -E cmake_progress_report /home/nazenji/Git/caffe/cmake/CMakeFiles/CMakeTmp/CMakeFiles 1
Building C object CMakeFiles/cmTryCompileExec98413244.dir/CheckSymbolExists.c.o
/usr/bin/cc    -o CMakeFiles/cmTryCompileExec98413244.dir/CheckSymbolExists.c.o   -c /home/nazenji/Git/caffe/cmake/CMakeFiles/CMakeTmp/CheckSymbolExists.c
Linking C executable cmTryCompileExec98413244
/usr/bin/cmake -E cmake_link_script CMakeFiles/cmTryCompileExec98413244.dir/link.txt --verbose=1
/usr/bin/cc       CMakeFiles/cmTryCompileExec98413244.dir/CheckSymbolExists.c.o  -o cmTryCompileExec98413244 -rdynamic 
CMakeFiles/cmTryCompileExec98413244.dir/CheckSymbolExists.c.o: In function `main':
CheckSymbolExists.c:(.text+0x16): undefined reference to `pthread_create'
collect2: error: ld returned 1 exit status
CMakeFiles/cmTryCompileExec98413244.dir/build.make:88: recipe for target 'cmTryCompileExec98413244' failed
make[1]: Leaving directory '/home/nazenji/Git/caffe/cmake/CMakeFiles/CMakeTmp'
make[1]: *** [cmTryCompileExec98413244] Error 1
Makefile:117: recipe for target 'cmTryCompileExec98413244/fast' failed
make: *** [cmTryCompileExec98413244/fast] Error 2

File /home/nazenji/Git/caffe/cmake/CMakeFiles/CMakeTmp/CheckSymbolExists.c:
/* */
#include <pthread.h>

int main(int argc, char** argv)
{
  (void)argv;
#ifndef pthread_create
  return ((int*)(&pthread_create))[argc];
#else
  (void)argc;
  return 0;
#endif
}

Determining if the function pthread_create exists in the pthreads failed with the following output:
Change Dir: /home/nazenji/Git/caffe/cmake/CMakeFiles/CMakeTmp

Run Build Command:"/usr/bin/make" "cmTryCompileExec3666573322/fast"
/usr/bin/make -f CMakeFiles/cmTryCompileExec3666573322.dir/build.make CMakeFiles/cmTryCompileExec3666573322.dir/build
make[1]: Entering directory '/home/nazenji/Git/caffe/cmake/CMakeFiles/CMakeTmp'
/usr/bin/cmake -E cmake_progress_report /home/nazenji/Git/caffe/cmake/CMakeFiles/CMakeTmp/CMakeFiles 1
Building C object CMakeFiles/cmTryCompileExec3666573322.dir/CheckFunctionExists.c.o
/usr/bin/cc   -DCHECK_FUNCTION_EXISTS=pthread_create   -o CMakeFiles/cmTryCompileExec3666573322.dir/CheckFunctionExists.c.o   -c /usr/share/cmake-3.2/Modules/CheckFunctionExists.c
Linking C executable cmTryCompileExec3666573322
/usr/bin/cmake -E cmake_link_script CMakeFiles/cmTryCompileExec3666573322.dir/link.txt --verbose=1
/usr/bin/cc   -DCHECK_FUNCTION_EXISTS=pthread_create    CMakeFiles/cmTryCompileExec3666573322.dir/CheckFunctionExists.c.o  -o cmTryCompileExec3666573322 -rdynamic -lpthreads 
/usr/bin/ld: cannot find -lpthreads
collect2: error: ld returned 1 exit status
CMakeFiles/cmTryCompileExec3666573322.dir/build.make:88: recipe for target 'cmTryCompileExec3666573322' failed
make[1]: Leaving directory '/home/nazenji/Git/caffe/cmake/CMakeFiles/CMakeTmp'
make[1]: *** [cmTryCompileExec3666573322] Error 1
Makefile:117: recipe for target 'cmTryCompileExec3666573322/fast' failed
make: *** [cmTryCompileExec3666573322/fast] Error 2


